E, [2018-04-02T15:38:48.730106 #5023] ERROR -- Kitchen: ------Exception-------
E, [2018-04-02T15:38:48.730187 #5023] ERROR -- Kitchen: Class: Kitchen::UserError
E, [2018-04-02T15:38:48.730214 #5023] ERROR -- Kitchen: Message: Kitchen YAML file /home/chef/chef-repo/cookbooks/install_java/recipes/.kitchen.yml does not exist.
E, [2018-04-02T15:38:48.730236 #5023] ERROR -- Kitchen: ----------------------
E, [2018-04-02T15:38:48.730257 #5023] ERROR -- Kitchen: ------Backtrace-------
E, [2018-04-02T15:38:48.730278 #5023] ERROR -- Kitchen: /opt/chefdk/embedded/lib/ruby/gems/2.4.0/gems/test-kitchen-1.20.0/lib/kitchen/loader/yaml.rb:65:in `read'
E, [2018-04-02T15:38:48.730299 #5023] ERROR -- Kitchen: /opt/chefdk/embedded/lib/ruby/gems/2.4.0/gems/test-kitchen-1.20.0/lib/kitchen/config.rb:152:in `data'
E, [2018-04-02T15:38:48.730321 #5023] ERROR -- Kitchen: /opt/chefdk/embedded/lib/ruby/gems/2.4.0/gems/test-kitchen-1.20.0/lib/kitchen/config.rb:131:in `suites'
E, [2018-04-02T15:38:48.730342 #5023] ERROR -- Kitchen: /opt/chefdk/embedded/lib/ruby/gems/2.4.0/gems/test-kitchen-1.20.0/lib/kitchen/config.rb:182:in `filter_instances'
E, [2018-04-02T15:38:48.730363 #5023] ERROR -- Kitchen: /opt/chefdk/embedded/lib/ruby/gems/2.4.0/gems/test-kitchen-1.20.0/lib/kitchen/config.rb:141:in `build_instances'
E, [2018-04-02T15:38:48.730384 #5023] ERROR -- Kitchen: /opt/chefdk/embedded/lib/ruby/gems/2.4.0/gems/test-kitchen-1.20.0/lib/kitchen/config.rb:117:in `instances'
E, [2018-04-02T15:38:48.730406 #5023] ERROR -- Kitchen: /opt/chefdk/embedded/lib/ruby/gems/2.4.0/gems/test-kitchen-1.20.0/lib/kitchen/command.rb:112:in `filtered_instances'
E, [2018-04-02T15:38:48.730427 #5023] ERROR -- Kitchen: /opt/chefdk/embedded/lib/ruby/gems/2.4.0/gems/test-kitchen-1.20.0/lib/kitchen/command.rb:142:in `parse_subcommand'
E, [2018-04-02T15:38:48.730448 #5023] ERROR -- Kitchen: /opt/chefdk/embedded/lib/ruby/gems/2.4.0/gems/test-kitchen-1.20.0/lib/kitchen/command/list.rb:30:in `call'
E, [2018-04-02T15:38:48.730470 #5023] ERROR -- Kitchen: /opt/chefdk/embedded/lib/ruby/gems/2.4.0/gems/test-kitchen-1.20.0/lib/kitchen/cli.rb:52:in `perform'
E, [2018-04-02T15:38:48.730495 #5023] ERROR -- Kitchen: /opt/chefdk/embedded/lib/ruby/gems/2.4.0/gems/test-kitchen-1.20.0/lib/kitchen/cli.rb:120:in `list'
E, [2018-04-02T15:38:48.730517 #5023] ERROR -- Kitchen: /opt/chefdk/embedded/lib/ruby/gems/2.4.0/gems/thor-0.19.1/lib/thor/command.rb:27:in `run'
E, [2018-04-02T15:38:48.730538 #5023] ERROR -- Kitchen: /opt/chefdk/embedded/lib/ruby/gems/2.4.0/gems/thor-0.19.1/lib/thor/invocation.rb:126:in `invoke_command'
E, [2018-04-02T15:38:48.730559 #5023] ERROR -- Kitchen: /opt/chefdk/embedded/lib/ruby/gems/2.4.0/gems/thor-0.19.1/lib/thor.rb:359:in `dispatch'
E, [2018-04-02T15:38:48.730581 #5023] ERROR -- Kitchen: /opt/chefdk/embedded/lib/ruby/gems/2.4.0/gems/thor-0.19.1/lib/thor/base.rb:440:in `start'
E, [2018-04-02T15:38:48.730605 #5023] ERROR -- Kitchen: /opt/chefdk/embedded/lib/ruby/gems/2.4.0/gems/test-kitchen-1.20.0/bin/kitchen:13:in `block in <top (required)>'
E, [2018-04-02T15:38:48.730642 #5023] ERROR -- Kitchen: /opt/chefdk/embedded/lib/ruby/gems/2.4.0/gems/test-kitchen-1.20.0/lib/kitchen/errors.rb:171:in `with_friendly_errors'
E, [2018-04-02T15:38:48.730666 #5023] ERROR -- Kitchen: /opt/chefdk/embedded/lib/ruby/gems/2.4.0/gems/test-kitchen-1.20.0/bin/kitchen:13:in `<top (required)>'
E, [2018-04-02T15:38:48.730691 #5023] ERROR -- Kitchen: /usr/bin/kitchen:250:in `load'
E, [2018-04-02T15:38:48.730712 #5023] ERROR -- Kitchen: /usr/bin/kitchen:250:in `<main>'
E, [2018-04-02T15:38:48.730733 #5023] ERROR -- Kitchen: ----End Backtrace-----
